[04:16:53.747] [INFO] storybook v10.2.7
[04:16:56.349] [DEBUG] Getting package.json info for C:/Users/singh/Downloads/Portfolio/Kimi_Agent_Blank Portfolio Issue/app/package.json...
[04:16:58.384] [INFO] Storybook collects completely anonymous usage telemetry. We use it to shape Storybook's roadmap and prioritize features. You can learn more, including how to opt out, at https://storybook.js.org/telemetry
[04:17:07.827] [DEBUG] Serving static files from [36mnode_modules/@chromatic-com/storybook/assets[39m at [36m/addon-visual-tests-assets[39m
[04:17:07.827] [INFO] Starting...
[04:17:08.466] [DEBUG] Starting preview..
[04:17:08.540] [ERROR] Failed to build the preview
[04:17:08.541] [ERROR] Error [ERR_MODULE_NOT_FOUND]: Cannot find package 'kimi-plugin-inspect-react' imported from .\node_modules\.vite-temp\vite.config.ts.timestamp-1770369428527-f05160681709.mjs
    at Object.getPackageJSONURL (node:internal/modules/package_json_reader:267:9)
    at packageResolve (node:internal/modules/esm/resolve:768:81)
    at moduleResolve (node:internal/modules/esm/resolve:854:18)
    at defaultResolve (node:internal/modules/esm/resolve:984:11)
    at nextResolve (node:internal/modules/esm/hooks:748:28)
    at Hooks.resolve (node:internal/modules/esm/hooks:240:30)
    at handleMessage (node:internal/modules/esm/worker:199:24)
    at Immediate.checkForMessages (node:internal/modules/esm/worker:141:28)
    at process.processImmediate (node:internal/timers:511:21)
[04:17:08.544] [WARN] Broken build, fix the error above.
You may need to refresh the browser.
[04:17:13.641] [PROMPT] Would you like to send anonymous crash reports to improve Storybook and fix bugs faster? {"choice":false}